2022-02-24 15:01:40,466:django.utils.autoreload:C:\Dev\dj_domconnect\domconnect\lib_seo.py changed, reloading.
2022-02-24 15:03:35,128:domconnect.views:get_filename None
2022-02-24 15:11:26,316:django.utils.autoreload:C:\Dev\dj_domconnect\domconnect\views.py changed, reloading.
2022-02-24 15:26:51,797:django.utils.autoreload:C:\Dev\dj_domconnect\domconnect\views.py changed, reloading.
2022-02-24 15:35:05,005:django.utils.autoreload:C:\Dev\dj_domconnect\domconnect\views.py changed, reloading.
2022-02-24 15:48:52,464:django.request:Internal Server Error: /domconnect/
Traceback (most recent call last):
  File "c:\Dev\dj_domconnect\venv\lib\site-packages\django\template\base.py", line 469, in parse
    compile_func = self.tags[command]
KeyError: 'endif'

During handling of the above exception, another exception occurred:

Traceback (most recent call last):
  File "c:\Dev\dj_domconnect\venv\lib\site-packages\django\core\handlers\exception.py", line 34, in inner
    response = get_response(request)
  File "c:\Dev\dj_domconnect\venv\lib\site-packages\django\core\handlers\base.py", line 115, in _get_response
    response = self.process_exception_by_middleware(e, request)
  File "c:\Dev\dj_domconnect\venv\lib\site-packages\django\core\handlers\base.py", line 113, in _get_response
    response = wrapped_callback(request, *callback_args, **callback_kwargs)
  File "c:\Dev\dj_domconnect\venv\lib\site-packages\django\contrib\auth\decorators.py", line 21, in _wrapped_view
    return view_func(request, *args, **kwargs)
  File "c:\Dev\dj_domconnect\domconnect\views.py", line 85, in index
    return render(request, 'domconnect/statseo.html', context)
  File "c:\Dev\dj_domconnect\venv\lib\site-packages\django\shortcuts.py", line 19, in render
    content = loader.render_to_string(template_name, context, request, using=using)
  File "c:\Dev\dj_domconnect\venv\lib\site-packages\django\template\loader.py", line 61, in render_to_string
    template = get_template(template_name, using=using)
  File "c:\Dev\dj_domconnect\venv\lib\site-packages\django\template\loader.py", line 15, in get_template
    return engine.get_template(template_name)
  File "c:\Dev\dj_domconnect\venv\lib\site-packages\django\template\backends\django.py", line 34, in get_template
    return Template(self.engine.get_template(template_name), self)
  File "c:\Dev\dj_domconnect\venv\lib\site-packages\django\template\engine.py", line 143, in get_template
    template, origin = self.find_template(template_name)
  File "c:\Dev\dj_domconnect\venv\lib\site-packages\django\template\engine.py", line 125, in find_template
    template = loader.get_template(name, skip=skip)
  File "c:\Dev\dj_domconnect\venv\lib\site-packages\django\template\loaders\base.py", line 29, in get_template
    return Template(
  File "c:\Dev\dj_domconnect\venv\lib\site-packages\django\template\base.py", line 156, in __init__
    self.nodelist = self.compile_nodelist()
  File "c:\Dev\dj_domconnect\venv\lib\site-packages\django\template\base.py", line 194, in compile_nodelist
    return parser.parse()
  File "c:\Dev\dj_domconnect\venv\lib\site-packages\django\template\base.py", line 477, in parse
    raise self.error(token, e)
  File "c:\Dev\dj_domconnect\venv\lib\site-packages\django\template\base.py", line 475, in parse
    compiled_result = compile_func(self, token)
  File "c:\Dev\dj_domconnect\venv\lib\site-packages\django\template\defaulttags.py", line 811, in do_for
    nodelist_loop = parser.parse(('empty', 'endfor',))
  File "c:\Dev\dj_domconnect\venv\lib\site-packages\django\template\base.py", line 471, in parse
    self.invalid_block_tag(token, command, parse_until)
  File "c:\Dev\dj_domconnect\venv\lib\site-packages\django\template\base.py", line 521, in invalid_block_tag
    raise self.error(
django.template.exceptions.TemplateSyntaxError: Invalid block tag on line 958: 'endif', expected 'empty' or 'endfor'. Did you forget to register or load this tag?
2022-02-24 15:52:25,876:django.utils.autoreload:C:\Dev\dj_domconnect\domconnect\views.py changed, reloading.
2022-02-24 15:53:42,158:django.utils.autoreload:C:\Dev\dj_domconnect\domconnect\views.py changed, reloading.
2022-02-24 16:01:57,510:django.utils.autoreload:C:\Dev\dj_domconnect\domconnect\views.py changed, reloading.
2022-02-24 16:02:12,647:django.utils.autoreload:C:\Dev\dj_domconnect\domconnect\views.py changed, reloading.
2022-02-24 16:15:10,673:django.utils.autoreload:C:\Dev\dj_domconnect\domconnect\views.py changed, reloading.
2022-02-24 16:18:04,493:django.utils.autoreload:C:\Dev\dj_domconnect\domconnect\views.py changed, reloading.
